Using pre-set license
Built from '2020.2/release' branch; Version is '2020.2.2f1 (068178b99f32) revision 426360'; Using compiler version '192528614'; Build Type 'Release'
OS: 'Windows 10 Home; OS build 19041.804; Version 2004; 64bit' Language: 'fr' Physical Memory: 16267 MB
BatchMode: 1, IsHumanControllingUs: 0, StartBugReporterOnCrash: 0, Is64bit: 1, IsPro: 0

 COMMAND LINE ARGUMENTS:
D:\Program Files\2020.2.2f1\Editor\Unity.exe
-adb2
-batchMode
-noUpm
-name
AssetImportWorker0
-projectPath
C:/Users/thibb/Desktop/Cours/M1/S2/AR--VR/HealthBarVR
-logFile
Logs/AssetImportWorker0.log
-srvPort
1324
Successfully changed project path to: C:/Users/thibb/Desktop/Cours/M1/S2/AR--VR/HealthBarVR
C:/Users/thibb/Desktop/Cours/M1/S2/AR--VR/HealthBarVR
Using Asset Import Pipeline V2.
Refreshing native plugins compatible for Editor in 27.91 ms, found 0 plugins.
Preloading 0 native plugins for Editor in 0.00 ms.
Initialize engine version: 2020.2.2f1 (068178b99f32)
[Subsystems] Discovering subsystems at path D:/Program Files/2020.2.2f1/Editor/Data/Resources/UnitySubsystems
[Subsystems] Discovering subsystems at path C:/Users/thibb/Desktop/Cours/M1/S2/AR--VR/HealthBarVR/Assets
GfxDevice: creating device client; threaded=0
Direct3D:
    Version:  Direct3D 11.0 [level 11.1]
    Renderer: NVIDIA GeForce GTX 1050 (ID=0x1c8d)
    Vendor:   
    VRAM:     4021 MB
    Driver:   27.21.14.6140
Initialize mono
Mono path[0] = 'D:/Program Files/2020.2.2f1/Editor/Data/Managed'
Mono path[1] = 'D:/Program Files/2020.2.2f1/Editor/Data/MonoBleedingEdge/lib/mono/unityjit'
Mono config path = 'D:/Program Files/2020.2.2f1/Editor/Data/MonoBleedingEdge/etc'
Using monoOptions --debugger-agent=transport=dt_socket,embedding=1,server=y,suspend=n,address=127.0.0.1:56016
Begin MonoManager ReloadAssembly
Registering precompiled unity dll's ...
Register platform support module: D:/Program Files/2020.2.2f1/Editor/Data/PlaybackEngines/WindowsStandaloneSupport/UnityEditor.WindowsStandalone.Extensions.dll
Registered in 0.002993 seconds.
Native extension for WindowsStandalone target not found
Refreshing native plugins compatible for Editor in 89.29 ms, found 0 plugins.
Preloading 0 native plugins for Editor in 0.00 ms.
Invoked RoslynAnalysisRunner static constructor.
RoslynAnalysisRunner will not be running.
RoslynAnalysisRunner has terminated.
Mono: successfully reloaded assembly
- Completed reload, in  3.586 seconds
Platform modules already initialized, skipping
Registering precompiled user dll's ...
Registered in 0.001457 seconds.
Begin MonoManager ReloadAssembly
Native extension for WindowsStandalone target not found
Refreshing native plugins compatible for Editor in 0.20 ms, found 0 plugins.
Preloading 0 native plugins for Editor in 0.00 ms.
Invoked RoslynAnalysisRunner static constructor.
RoslynAnalysisRunner will not be running.
RoslynAnalysisRunner has terminated.
Mono: successfully reloaded assembly
- Completed reload, in  2.048 seconds
Platform modules already initialized, skipping
========================================================================
Worker process is ready to serve import requests
Launched and connected shader compiler UnityShaderCompiler.exe after 0.19 seconds
Refreshing native plugins compatible for Editor in 0.35 ms, found 0 plugins.
Preloading 0 native plugins for Editor in 0.00 ms.
Unloading 1102 Unused Serialized files (Serialized files now loaded: 0)
System memory in use before: 57.0 MB.
System memory in use after: 57.0 MB.

Unloading 10 unused Assets to reduce memory usage. Loaded Objects now: 1545.
Total: 3.721900 ms (FindLiveObjects: 0.297400 ms CreateObjectMapping: 0.100000 ms MarkObjects: 3.155200 ms  DeleteObjects: 0.166400 ms)

========================================================================
Received Import Request.
  path: Assets/Dying.fbx
  artifactKey: Guid(34f148ec0e085eb43bd5e837702ccb66) Importer(815301076,1909f56bfc062723c751e8b465ee728b)
Start importing Assets/Dying.fbx using Guid(34f148ec0e085eb43bd5e837702ccb66) Importer(815301076,1909f56bfc062723c751e8b465ee728b)  -> (artifact id: '6b0d10429dbe0c328892fa04a119c9c9') in 0.572691 seconds
  Import took 0.578745 seconds .

========================================================================
Received Import Request.
  Time since last request: 128.188229 seconds.
  path: Assets/Walking.fbx
  artifactKey: Guid(16bfc3d32f2097840bfc8e75926c0c0e) Importer(815301076,1909f56bfc062723c751e8b465ee728b)
Start importing Assets/Walking.fbx using Guid(16bfc3d32f2097840bfc8e75926c0c0e) Importer(815301076,1909f56bfc062723c751e8b465ee728b)  -> (artifact id: 'af5465ab129c18db5493664d90b37537') in 0.162160 seconds
  Import took 0.173022 seconds .

========================================================================
Received Import Request.
  Time since last request: 134.372539 seconds.
  path: Assets/Walking.fbx
  artifactKey: Guid(16bfc3d32f2097840bfc8e75926c0c0e) Importer(815301076,1909f56bfc062723c751e8b465ee728b)
Start importing Assets/Walking.fbx using Guid(16bfc3d32f2097840bfc8e75926c0c0e) Importer(815301076,1909f56bfc062723c751e8b465ee728b)  -> (artifact id: '2d3fa57fba882f7da43c6b369c4567a4') in 0.109461 seconds
  Import took 0.116917 seconds .

========================================================================
Received Prepare
Registering precompiled user dll's ...
Registered in 0.001594 seconds.
Begin MonoManager ReloadAssembly
Native extension for WindowsStandalone target not found
Refreshing native plugins compatible for Editor in 0.61 ms, found 0 plugins.
Preloading 0 native plugins for Editor in 0.00 ms.
Invoked RoslynAnalysisRunner static constructor.
RoslynAnalysisRunner will not be running.
RoslynAnalysisRunner has terminated.
Mono: successfully reloaded assembly
- Completed reload, in  2.233 seconds
Platform modules already initialized, skipping
Refreshing native plugins compatible for Editor in 0.21 ms, found 0 plugins.
Preloading 0 native plugins for Editor in 0.00 ms.
Unloading 1097 Unused Serialized files (Serialized files now loaded: 0)
System memory in use before: 71.5 MB.
System memory in use after: 71.6 MB.

Unloading 6 unused Assets to reduce memory usage. Loaded Objects now: 1591.
Total: 2.266200 ms (FindLiveObjects: 0.239900 ms CreateObjectMapping: 0.065200 ms MarkObjects: 1.885900 ms  DeleteObjects: 0.073500 ms)

========================================================================
Received Prepare
Registering precompiled user dll's ...
Registered in 0.000770 seconds.
Begin MonoManager ReloadAssembly
Native extension for WindowsStandalone target not found
Refreshing native plugins compatible for Editor in 0.33 ms, found 0 plugins.
Preloading 0 native plugins for Editor in 0.00 ms.
Invoked RoslynAnalysisRunner static constructor.
RoslynAnalysisRunner will not be running.
RoslynAnalysisRunner has terminated.
Mono: successfully reloaded assembly
- Completed reload, in  1.195 seconds
Platform modules already initialized, skipping
Refreshing native plugins compatible for Editor in 0.23 ms, found 0 plugins.
Preloading 0 native plugins for Editor in 0.00 ms.
Unloading 1097 Unused Serialized files (Serialized files now loaded: 0)
System memory in use before: 71.7 MB.
System memory in use after: 71.8 MB.

Unloading 5 unused Assets to reduce memory usage. Loaded Objects now: 1593.
Total: 2.738300 ms (FindLiveObjects: 0.172200 ms CreateObjectMapping: 0.042800 ms MarkObjects: 2.401000 ms  DeleteObjects: 0.120900 ms)

========================================================================
Received Prepare
Registering precompiled user dll's ...
Registered in 0.000771 seconds.
Begin MonoManager ReloadAssembly
Native extension for WindowsStandalone target not found
Refreshing native plugins compatible for Editor in 0.20 ms, found 0 plugins.
Preloading 0 native plugins for Editor in 0.00 ms.
Invoked RoslynAnalysisRunner static constructor.
RoslynAnalysisRunner will not be running.
RoslynAnalysisRunner has terminated.
Mono: successfully reloaded assembly
- Completed reload, in  1.100 seconds
Platform modules already initialized, skipping
Refreshing native plugins compatible for Editor in 0.29 ms, found 0 plugins.
Preloading 0 native plugins for Editor in 0.00 ms.
Unloading 1097 Unused Serialized files (Serialized files now loaded: 0)
System memory in use before: 71.8 MB.
System memory in use after: 71.9 MB.

Unloading 5 unused Assets to reduce memory usage. Loaded Objects now: 1595.
Total: 2.546100 ms (FindLiveObjects: 0.172500 ms CreateObjectMapping: 0.048000 ms MarkObjects: 2.156100 ms  DeleteObjects: 0.167700 ms)

========================================================================
Received Prepare
Registering precompiled user dll's ...
Registered in 0.000824 seconds.
Begin MonoManager ReloadAssembly
Native extension for WindowsStandalone target not found
Refreshing native plugins compatible for Editor in 0.49 ms, found 0 plugins.
Preloading 0 native plugins for Editor in 0.00 ms.
Invoked RoslynAnalysisRunner static constructor.
RoslynAnalysisRunner will not be running.
RoslynAnalysisRunner has terminated.
Mono: successfully reloaded assembly
- Completed reload, in  2.251 seconds
Platform modules already initialized, skipping
Refreshing native plugins compatible for Editor in 0.62 ms, found 0 plugins.
Preloading 0 native plugins for Editor in 0.00 ms.
Unloading 1097 Unused Serialized files (Serialized files now loaded: 0)
System memory in use before: 72.0 MB.
System memory in use after: 72.1 MB.

Unloading 5 unused Assets to reduce memory usage. Loaded Objects now: 1597.
Total: 3.007000 ms (FindLiveObjects: 0.354700 ms CreateObjectMapping: 0.079300 ms MarkObjects: 2.475500 ms  DeleteObjects: 0.095300 ms)

